[debug] [2025-03-03T22:23:05.990Z] ----------------------------------------------------------------------
[debug] [2025-03-03T22:23:05.992Z] Command:       /opt/homebrew/Cellar/node/23.7.0/bin/node /opt/homebrew/bin/firebase init
[debug] [2025-03-03T22:23:05.992Z] CLI Version:   13.32.0
[debug] [2025-03-03T22:23:05.992Z] Platform:      darwin
[debug] [2025-03-03T22:23:05.992Z] Node Version:  v23.7.0
[debug] [2025-03-03T22:23:05.992Z] Time:          Mon Mar 03 2025 14:23:05 GMT-0800 (Pacific Standard Time)
[debug] [2025-03-03T22:23:05.992Z] ----------------------------------------------------------------------
[debug] 
[debug] [2025-03-03T22:23:06.053Z] > command requires scopes: ["email","openid","https://www.googleapis.com/auth/cloudplatformprojects.readonly","https://www.googleapis.com/auth/firebase","https://www.googleapis.com/auth/cloud-platform"]
[debug] [2025-03-03T22:23:06.053Z] > authorizing via signed-in user (maburidi@gmail.com)
[info] 
     ######## #### ########  ######## ########     ###     ######  ########
     ##        ##  ##     ## ##       ##     ##  ##   ##  ##       ##
     ######    ##  ########  ######   ########  #########  ######  ######
     ##        ##  ##    ##  ##       ##     ## ##     ##       ## ##
     ##       #### ##     ## ######## ########  ##     ##  ######  ########

You're about to initialize a Firebase project in this directory:

  /Users/maburidi/Desktop/FlowPywr

Before we get started, keep in mind:

  * You are initializing within an existing Firebase project directory

[info] 
=== Project Setup
[info] 
[info] First, let's associate this project directory with a Firebase project.
[info] You can create multiple project aliases by running firebase use --add, 
[info] but for now we'll just set up a default project.
[info] 
[debug] [2025-03-03T22:23:26.125Z] Using project from CLI flag: flowpywr
[debug] [2025-03-03T22:23:26.126Z] Checked if tokens are valid: false, expires at: 1741040484176
[debug] [2025-03-03T22:23:26.126Z] Checked if tokens are valid: false, expires at: 1741040484176
[debug] [2025-03-03T22:23:26.126Z] > refreshing access token with scopes: []
[debug] [2025-03-03T22:23:26.127Z] >>> [apiv2][query] POST https://www.googleapis.com/oauth2/v3/token [none]
[debug] [2025-03-03T22:23:26.127Z] >>> [apiv2][body] POST https://www.googleapis.com/oauth2/v3/token [omitted]
[debug] [2025-03-03T22:23:26.282Z] <<< [apiv2][status] POST https://www.googleapis.com/oauth2/v3/token 200
[debug] [2025-03-03T22:23:26.282Z] <<< [apiv2][body] POST https://www.googleapis.com/oauth2/v3/token [omitted]
[debug] [2025-03-03T22:23:26.296Z] >>> [apiv2][query] GET https://firebase.googleapis.com/v1beta1/projects/flowpywr [none]
[debug] [2025-03-03T22:23:26.798Z] <<< [apiv2][status] GET https://firebase.googleapis.com/v1beta1/projects/flowpywr 200
[debug] [2025-03-03T22:23:26.798Z] <<< [apiv2][body] GET https://firebase.googleapis.com/v1beta1/projects/flowpywr {"projectId":"flowpywr","projectNumber":"300963519537","displayName":"FlowPywr","name":"projects/flowpywr","resources":{"hostingSite":"flowpywr","realtimeDatabaseInstance":"flowpywr-default-rtdb"},"state":"ACTIVE","etag":"1_47472a7f-9935-4b23-8153-31d596b9683d"}
[info] i  Using project flowpywr (FlowPywr) 
[info] 
=== Functions Setup
[debug] [2025-03-03T22:23:26.807Z] > command requires scopes: ["email","openid","https://www.googleapis.com/auth/cloudplatformprojects.readonly","https://www.googleapis.com/auth/firebase","https://www.googleapis.com/auth/cloud-platform"]
[debug] [2025-03-03T22:23:26.807Z] > authorizing via signed-in user (maburidi@gmail.com)
[debug] [2025-03-03T22:23:26.807Z] [iam] checking project flowpywr for permissions ["firebase.projects.get"]
[debug] [2025-03-03T22:23:26.808Z] Checked if tokens are valid: true, expires at: 1741044205282
[debug] [2025-03-03T22:23:26.808Z] Checked if tokens are valid: true, expires at: 1741044205282
[debug] [2025-03-03T22:23:26.808Z] >>> [apiv2][query] POST https://cloudresourcemanager.googleapis.com/v1/projects/flowpywr:testIamPermissions [none]
[debug] [2025-03-03T22:23:26.808Z] >>> [apiv2][(partial)header] POST https://cloudresourcemanager.googleapis.com/v1/projects/flowpywr:testIamPermissions x-goog-quota-user=projects/flowpywr
[debug] [2025-03-03T22:23:26.808Z] >>> [apiv2][body] POST https://cloudresourcemanager.googleapis.com/v1/projects/flowpywr:testIamPermissions {"permissions":["firebase.projects.get"]}
[debug] [2025-03-03T22:23:26.944Z] <<< [apiv2][status] POST https://cloudresourcemanager.googleapis.com/v1/projects/flowpywr:testIamPermissions 200
[debug] [2025-03-03T22:23:26.945Z] <<< [apiv2][body] POST https://cloudresourcemanager.googleapis.com/v1/projects/flowpywr:testIamPermissions {"permissions":["firebase.projects.get"]}
[debug] [2025-03-03T22:23:26.946Z] Checked if tokens are valid: true, expires at: 1741044205282
[debug] [2025-03-03T22:23:26.946Z] Checked if tokens are valid: true, expires at: 1741044205282
[debug] [2025-03-03T22:23:26.946Z] Checked if tokens are valid: true, expires at: 1741044205282
[debug] [2025-03-03T22:23:26.946Z] Checked if tokens are valid: true, expires at: 1741044205282
[debug] [2025-03-03T22:23:26.946Z] >>> [apiv2][query] GET https://serviceusage.googleapis.com/v1/projects/flowpywr/services/cloudfunctions.googleapis.com [none]
[debug] [2025-03-03T22:23:26.946Z] >>> [apiv2][(partial)header] GET https://serviceusage.googleapis.com/v1/projects/flowpywr/services/cloudfunctions.googleapis.com x-goog-quota-user=projects/flowpywr
[debug] [2025-03-03T22:23:26.948Z] >>> [apiv2][query] GET https://serviceusage.googleapis.com/v1/projects/flowpywr/services/runtimeconfig.googleapis.com [none]
[debug] [2025-03-03T22:23:26.948Z] >>> [apiv2][(partial)header] GET https://serviceusage.googleapis.com/v1/projects/flowpywr/services/runtimeconfig.googleapis.com x-goog-quota-user=projects/flowpywr
[debug] [2025-03-03T22:23:27.376Z] <<< [apiv2][status] GET https://serviceusage.googleapis.com/v1/projects/flowpywr/services/runtimeconfig.googleapis.com 200
[debug] [2025-03-03T22:23:27.376Z] <<< [apiv2][body] GET https://serviceusage.googleapis.com/v1/projects/flowpywr/services/runtimeconfig.googleapis.com [omitted]
[debug] [2025-03-03T22:23:27.384Z] <<< [apiv2][status] GET https://serviceusage.googleapis.com/v1/projects/flowpywr/services/cloudfunctions.googleapis.com 200
[debug] [2025-03-03T22:23:27.384Z] <<< [apiv2][body] GET https://serviceusage.googleapis.com/v1/projects/flowpywr/services/cloudfunctions.googleapis.com [omitted]
[info] 
Detected existing codebase(s): default, fpywr_app

[info] 
Overwriting codebase default...

